[    0.000000] Initializing cgroup subsys cpuset
[    0.000000] Initializing cgroup subsys cpu
[    0.000000] Initializing cgroup subsys cpuacct
[    0.000000] Linux version 4.4.0-184-generic (buildd@lgw01-amd64-060) (gcc version 5.4.0 20160609 (Ubuntu 5.4.0-6ubuntu1~16.04.12) ) #214-Ubuntu SMP Thu Jun 4 10:14:11 UTC 2020 (Ubuntu 4.4.0-184.214-generic 4.4.223)
[    0.000000] Command line: BOOT_IMAGE=/boot/vmlinuz-4.4.0-184-generic root=LABEL=cloudimg-rootfs ro console=tty1 console=ttyS0
[    0.000000] KERNEL supported cpus:
[    0.000000]   Intel GenuineIntel
[    0.000000]   AMD AuthenticAMD
[    0.000000]   Centaur CentaurHauls
[    0.000000] x86/fpu: xstate_offset[2]:  576, xstate_sizes[2]:  256
[    0.000000] x86/fpu: Supporting XSAVE feature 0x01: 'x87 floating point registers'
[    0.000000] x86/fpu: Supporting XSAVE feature 0x02: 'SSE registers'
[    0.000000] x86/fpu: Supporting XSAVE feature 0x04: 'AVX registers'
[    0.000000] x86/fpu: Enabled xstate features 0x7, context size is 832 bytes, using 'standard' format.
[    0.000000] e820: BIOS-provided physical RAM map:
[    0.000000] BIOS-e820: [mem 0x0000000000000000-0x000000000009fbff] usable
[    0.000000] BIOS-e820: [mem 0x000000000009fc00-0x000000000009ffff] reserved
[    0.000000] BIOS-e820: [mem 0x00000000000f0000-0x00000000000fffff] reserved
[    0.000000] BIOS-e820: [mem 0x0000000000100000-0x000000003ffeffff] usable
[    0.000000] BIOS-e820: [mem 0x000000003fff0000-0x000000003fffffff] ACPI data
[    0.000000] BIOS-e820: [mem 0x00000000fec00000-0x00000000fec00fff] reserved
[    0.000000] BIOS-e820: [mem 0x00000000fee00000-0x00000000fee00fff] reserved
[    0.000000] BIOS-e820: [mem 0x00000000fffc0000-0x00000000ffffffff] reserved
[    0.000000] NX (Execute Disable) protection: active
[    0.000000] SMBIOS 2.5 present.
[    0.000000] Hypervisor detected: KVM
[    0.000000] e820: last_pfn = 0x3fff0 max_arch_pfn = 0x400000000
[    0.000000] MTRR: Disabled
[    0.000000] x86/PAT: MTRRs disabled, skipping PAT initialization too.
[    0.000000] CPU MTRRs all blank - virtualized system.
[    0.000000] x86/PAT: Configuration [0-7]: WB  WT  UC- UC  WB  WT  UC- UC  
[    0.000000] found SMP MP-table at [mem 0x0009fff0-0x0009ffff] mapped at [ffff88000009fff0]
[    0.000000] Scanning 1 areas for low memory corruption
[    0.000000] RAMDISK: [mem 0x362de000-0x37166fff]
[    0.000000] ACPI: Early table checksum verification disabled
[    0.000000] ACPI: RSDP 0x00000000000E0000 000024 (v02 VBOX  )
[    0.000000] ACPI: XSDT 0x000000003FFF0030 00003C (v01 VBOX   VBOXXSDT 00000001 ASL  00000061)
[    0.000000] ACPI: FACP 0x000000003FFF00F0 0000F4 (v04 VBOX   VBOXFACP 00000001 ASL  00000061)
[    0.000000] ACPI: DSDT 0x000000003FFF0470 002325 (v02 VBOX   VBOXBIOS 00000002 INTL 20100528)
[    0.000000] ACPI: FACS 0x000000003FFF0200 000040
[    0.000000] ACPI: FACS 0x000000003FFF0200 000040
[    0.000000] ACPI: APIC 0x000000003FFF0240 00005C (v02 VBOX   VBOXAPIC 00000001 ASL  00000061)
[    0.000000] ACPI: SSDT 0x000000003FFF02A0 0001CC (v01 VBOX   VBOXCPUT 00000002 INTL 20100528)
[    0.000000] No NUMA configuration found
[    0.000000] Faking a node at [mem 0x0000000000000000-0x000000003ffeffff]
[    0.000000] NODE_DATA(0) allocated [mem 0x3ffeb000-0x3ffeffff]
[    0.000000] kvm-clock: Using msrs 4b564d01 and 4b564d00
[    0.000000] kvm-clock: cpu 0, msr 0:3ffe3001, primary cpu clock
[    0.000000] kvm-clock: using sched offset of 3506016918 cycles
[    0.000000] clocksource: kvm-clock: mask: 0xffffffffffffffff max_cycles: 0x1cd42e4dffb, max_idle_ns: 881590591483 ns
[    0.000000] Zone ranges:
[    0.000000]   DMA      [mem 0x0000000000001000-0x0000000000ffffff]
[    0.000000]   DMA32    [mem 0x0000000001000000-0x000000003ffeffff]
[    0.000000]   Normal   empty
[    0.000000]   Device   empty
[    0.000000] Movable zone start for each node
[    0.000000] Early memory node ranges
[    0.000000]   node   0: [mem 0x0000000000001000-0x000000000009efff]
[    0.000000]   node   0: [mem 0x0000000000100000-0x000000003ffeffff]
[    0.000000] Initmem setup node 0 [mem 0x0000000000001000-0x000000003ffeffff]
[    0.000000] ACPI: PM-Timer IO Port: 0x4008
[    0.000000] IOAPIC[0]: apic_id 2, version 32, address 0xfec00000, GSI 0-23
[    0.000000] ACPI: INT_SRC_OVR (bus 0 bus_irq 0 global_irq 2 dfl dfl)
[    0.000000] ACPI: INT_SRC_OVR (bus 0 bus_irq 9 global_irq 9 low level)
[    0.000000] Using ACPI (MADT) for SMP configuration information
[    0.000000] smpboot: Allowing 2 CPUs, 0 hotplug CPUs
[    0.000000] PM: Registered nosave memory: [mem 0x00000000-0x00000fff]
[    0.000000] PM: Registered nosave memory: [mem 0x0009f000-0x0009ffff]
[    0.000000] PM: Registered nosave memory: [mem 0x000a0000-0x000effff]
[    0.000000] PM: Registered nosave memory: [mem 0x000f0000-0x000fffff]
[    0.000000] e820: [mem 0x40000000-0xfebfffff] available for PCI devices
[    0.000000] Booting paravirtualized kernel on KVM
[    0.000000] clocksource: refined-jiffies: mask: 0xffffffff max_cycles: 0xffffffff, max_idle_ns: 7645519600211568 ns
[    0.000000] setup_percpu: NR_CPUS:512 nr_cpumask_bits:512 nr_cpu_ids:2 nr_node_ids:1
[    0.000000] PERCPU: Embedded 33 pages/cpu @ffff88003fc00000 s95448 r8192 d31528 u1048576
[    0.000000] Built 1 zonelists in Node order, mobility grouping on.  Total pages: 257912
[    0.000000] Policy zone: DMA32
[    0.000000] Kernel command line: BOOT_IMAGE=/boot/vmlinuz-4.4.0-184-generic root=LABEL=cloudimg-rootfs ro console=tty1 console=ttyS0
[    0.000000] PID hash table entries: 4096 (order: 3, 32768 bytes)
[    0.000000] Memory: 997664K/1048120K available (8632K kernel code, 1336K rwdata, 4036K rodata, 1492K init, 1292K bss, 50456K reserved, 0K cma-reserved)
[    0.000000] SLUB: HWalign=64, Order=0-3, MinObjects=0, CPUs=2, Nodes=1
[    0.000000] Kernel/User page tables isolation: enabled
[    0.000000] Hierarchical RCU implementation.
[    0.000000] 	Build-time adjustment of leaf fanout to 64.
[    0.000000] 	RCU restricting CPUs from NR_CPUS=512 to nr_cpu_ids=2.
[    0.000000] RCU: Adjusting geometry for rcu_fanout_leaf=64, nr_cpu_ids=2
[    0.000000] NR_IRQS:33024 nr_irqs:440 16
[    0.000000] Console: colour VGA+ 80x25
[    0.000000] console [tty1] enabled
[    0.000000] console [ttyS0] enabled
[    0.000000] tsc: Detected 2592.000 MHz processor
[    0.138867] Calibrating delay loop (skipped) preset value.. 5184.00 BogoMIPS (lpj=10368000)
[    0.140477] pid_max: default: 32768 minimum: 301
[    0.141540] ACPI: Core revision 20150930
[    0.143144] ACPI: 2 ACPI AML tables successfully acquired and loaded
[    0.144499] Security Framework initialized
[    0.145502] Yama: becoming mindful.
[    0.146388] AppArmor: AppArmor initialized
[    0.147249] Dentry cache hash table entries: 131072 (order: 8, 1048576 bytes)
[    0.151106] Inode-cache hash table entries: 65536 (order: 7, 524288 bytes)
[    0.152720] Mount-cache hash table entries: 2048 (order: 2, 16384 bytes)
[    0.154502] Mountpoint-cache hash table entries: 2048 (order: 2, 16384 bytes)
[    0.155873] Initializing cgroup subsys io
[    0.156694] Initializing cgroup subsys memory
[    0.157582] Initializing cgroup subsys devices
[    0.158541] Initializing cgroup subsys freezer
[    0.159474] Initializing cgroup subsys net_cls
[    0.160559] Initializing cgroup subsys perf_event
[    0.161532] Initializing cgroup subsys net_prio
[    0.162628] Initializing cgroup subsys hugetlb
[    0.163983] Initializing cgroup subsys pids
[    0.166365] mce: CPU supports 0 MCE banks
[    0.167264] Last level iTLB entries: 4KB 64, 2MB 8, 4MB 8
[    0.168346] Last level dTLB entries: 4KB 64, 2MB 0, 4MB 0, 1GB 4
[    0.169502] Spectre V1 : Mitigation: usercopy/swapgs barriers and __user pointer sanitization
[    0.171143] Spectre V2 : Mitigation: Full generic retpoline
[    0.172143] Spectre V2 : Spectre v2 / SpectreRSB mitigation: Filling RSB on context switch
[    0.173672] Speculative Store Bypass: Vulnerable
[    0.174592] SRBDS: Unknown: Dependent on hypervisor status
[    0.175642] MDS: Mitigation: Clear CPU buffers
[    0.178496] Freeing SMP alternatives memory: 36K
[    0.184018] ftrace: allocating 32319 entries in 127 pages
[    0.231816] smpboot: APIC(0) Converting physical 0 to logical package 0
[    0.234078] smpboot: Max logical packages: 1
[    0.235061] x2apic enabled
[    0.235909] Switched APIC routing to physical x2apic.
[    0.238596] ..TIMER: vector=0x30 apic1=0 pin1=2 apic2=-1 pin2=-1
[    0.348248] smpboot: CPU0: Intel(R) Core(TM) i7-9750H CPU @ 2.60GHz (family: 0x6, model: 0x9e, stepping: 0xa)
[    0.350609] Performance Events: unsupported p6 CPU model 158 no PMU driver, software events only.
[    0.360946] KVM setup paravirtual spinlock
[    0.362529] x86: Booting SMP configuration:
[    0.363621] .... node  #0, CPUs:      #1
[    0.364757] kvm-clock: cpu 1, msr 0:3ffe3041, secondary cpu clock
[    0.366640] mce: CPU supports 0 MCE banks
[    0.369967] x86: Booted up 1 node, 2 CPUs
[    0.371014] smpboot: Total of 2 processors activated (10368.00 BogoMIPS)
[    0.372623] devtmpfs: initialized
[    0.374869] evm: security.selinux
[    0.375546] evm: security.SMACK64
[    0.376226] evm: security.SMACK64EXEC
[    0.376988] evm: security.SMACK64TRANSMUTE
[    0.377856] evm: security.SMACK64MMAP
[    0.378632] evm: security.ima
[    0.379545] evm: security.capability
[    0.380394] clocksource: jiffies: mask: 0xffffffff max_cycles: 0xffffffff, max_idle_ns: 7645041785100000 ns
[    0.382197] futex hash table entries: 512 (order: 3, 32768 bytes)
[    0.383347] pinctrl core: initialized pinctrl subsystem
[    0.384393] RTC time: 15:43:43, date: 06/28/20
[    0.385327] NET: Registered protocol family 16
[    0.396204] cpuidle: using governor ladder
[    0.409091] cpuidle: using governor menu
[    0.410288] PCCT header not found.
[    0.411059] ACPI: bus type PCI registered
[    0.412221] acpiphp: ACPI Hot Plug PCI Controller Driver version: 0.5
[    0.413621] PCI: Using configuration type 1 for base access
[    0.425347] ACPI: Added _OSI(Module Device)
[    0.426212] ACPI: Added _OSI(Processor Device)
[    0.427113] ACPI: Added _OSI(3.0 _SCP Extensions)
[    0.428117] ACPI: Added _OSI(Processor Aggregator Device)
[    0.430080] ACPI: Executed 1 blocks of module-level executable AML code
[    0.433437] ACPI: Interpreter enabled
[    0.434339] ACPI: (supports S0 S5)
[    0.435121] ACPI: Using IOAPIC for interrupt routing
[    0.436300] PCI: Using host bridge windows from ACPI; if necessary, use "pci=nocrs" and report a bug
[    0.441967] ACPI: PCI Root Bridge [PCI0] (domain 0000 [bus 00-ff])
[    0.443385] acpi PNP0A03:00: _OSC: OS supports [ASPM ClockPM Segments MSI]
[    0.445033] acpi PNP0A03:00: _OSC: not requesting OS control; OS requires [ExtendedConfig ASPM ClockPM MSI]
[    0.447048] acpi PNP0A03:00: fail to add MMCONFIG information, can't access extended PCI configuration space under this bridge.
[    0.449665] PCI host bridge to bus 0000:00
[    0.450462] pci_bus 0000:00: root bus resource [io  0x0000-0x0cf7 window]
[    0.451681] pci_bus 0000:00: root bus resource [io  0x0d00-0xffff window]
[    0.452924] pci_bus 0000:00: root bus resource [mem 0x000a0000-0x000bffff window]
[    0.454407] pci_bus 0000:00: root bus resource [mem 0x40000000-0xfdffffff window]
[    0.455867] pci_bus 0000:00: root bus resource [bus 00-ff]
[    0.458975] pci 0000:00:01.1: legacy IDE quirk: reg 0x10: [io  0x01f0-0x01f7]
[    0.460245] pci 0000:00:01.1: legacy IDE quirk: reg 0x14: [io  0x03f6]
[    0.461456] pci 0000:00:01.1: legacy IDE quirk: reg 0x18: [io  0x0170-0x0177]
[    0.469688] pci 0000:00:01.1: legacy IDE quirk: reg 0x1c: [io  0x0376]
[    0.480763] pci 0000:00:07.0: quirk: [io  0x4000-0x403f] claimed by PIIX4 ACPI
[    0.482402] pci 0000:00:07.0: quirk: [io  0x4100-0x410f] claimed by PIIX4 SMB
[    0.489834] ACPI: PCI Interrupt Link [LNKA] (IRQs 5 9 10 *11)
[    0.491485] ACPI: PCI Interrupt Link [LNKB] (IRQs 5 9 *10 11)
[    0.492990] ACPI: PCI Interrupt Link [LNKC] (IRQs 5 *9 10 11)
[    0.494539] ACPI: PCI Interrupt Link [LNKD] (IRQs 5 9 10 *11)
[    0.495918] ACPI: Enabled 2 GPEs in block 00 to 07
[    0.497112] vgaarb: setting as boot device: PCI:0000:00:02.0
[    0.498142] vgaarb: device added: PCI:0000:00:02.0,decodes=io+mem,owns=io+mem,locks=none
[    0.499762] vgaarb: loaded
[    0.500337] vgaarb: bridge control possible 0000:00:02.0
[    0.501492] SCSI subsystem initialized
[    0.502335] ACPI: bus type USB registered
[    0.503119] usbcore: registered new interface driver usbfs
[    0.504147] usbcore: registered new interface driver hub
[    0.505138] usbcore: registered new device driver usb
[    0.506219] PCI: Using ACPI for IRQ routing
[    0.508441] NetLabel: Initializing
[    0.509151] NetLabel:  domain hash size = 128
[    0.509967] NetLabel:  protocols = UNLABELED CIPSOv4
[    0.510897] NetLabel:  unlabeled traffic allowed by default
[    0.511984] amd_nb: Cannot enumerate AMD northbridges
[    0.512970] clocksource: Switched to clocksource kvm-clock
[    0.519390] AppArmor: AppArmor Filesystem Enabled
[    0.520314] pnp: PnP ACPI init
[    0.521841] pnp: PnP ACPI: found 3 devices
[    0.531866] clocksource: acpi_pm: mask: 0xffffff max_cycles: 0xffffff, max_idle_ns: 2085701024 ns
[    0.533684] NET: Registered protocol family 2
[    0.534634] TCP established hash table entries: 8192 (order: 4, 65536 bytes)
[    0.535855] TCP bind hash table entries: 8192 (order: 5, 131072 bytes)
[    0.536991] TCP: Hash tables configured (established 8192 bind 8192)
[    0.538136] UDP hash table entries: 512 (order: 2, 16384 bytes)
[    0.539288] UDP-Lite hash table entries: 512 (order: 2, 16384 bytes)
[    0.540748] NET: Registered protocol family 1
[    0.541600] pci 0000:00:00.0: Limiting direct PCI/PCI transfers
[    0.542659] pci 0000:00:01.0: Activating ISA DMA hang workarounds
[    0.543880] Unpacking initramfs...
[    0.726998] Freeing initrd memory: 14884K
[    0.727919] clocksource: tsc: mask: 0xffffffffffffffff max_cycles: 0x255cb6cc5db, max_idle_ns: 440795203504 ns
[    0.730206] platform rtc_cmos: registered platform RTC device (no PNP device found)
[    0.731994] Scanning for low memory corruption every 60 seconds
[    0.734043] audit: initializing netlink subsys (disabled)
[    0.735091] audit: type=2000 audit(1593359029.325:1): initialized
[    0.736347] Initialise system trusted keyring
[    0.737337] HugeTLB registered 2 MB page size, pre-allocated 0 pages
[    0.739406] zbud: loaded
[    0.740201] VFS: Disk quotas dquot_6.6.0
[    0.740977] VFS: Dquot-cache hash table entries: 512 (order 0, 4096 bytes)
[    0.742371] squashfs: version 4.0 (2009/01/31) Phillip Lougher
[    0.743650] fuse init (API version 7.23)
[    0.744524] Key type big_key registered
[    0.745315] Allocating IMA MOK and blacklist keyrings.
[    0.747386] Key type asymmetric registered
[    0.748215] Asymmetric key parser 'x509' registered
[    0.749154] Block layer SCSI generic (bsg) driver version 0.4 loaded (major 249)
[    0.750614] io scheduler noop registered
[    0.751374] io scheduler deadline registered (default)
[    0.752325] io scheduler cfq registered
[    0.753138] pci_hotplug: PCI Hot Plug PCI Core version: 0.5
[    0.754175] pciehp: PCI Express Hot Plug Controller Driver version: 0.4
[    0.755717] ACPI: AC Adapter [AC] (off-line)
[    0.756699] input: Power Button as /devices/LNXSYSTM:00/LNXPWRBN:00/input/input0
[    0.758138] ACPI: Power Button [PWRF]
[    0.758914] input: Sleep Button as /devices/LNXSYSTM:00/LNXSLPBN:00/input/input1
[    0.760692] ACPI: Sleep Button [SLPF]
[    0.761581] GHES: HEST is not enabled!
[    0.762367] ACPI: Battery Slot [BAT0] (battery present)
[    0.763823] Serial: 8250/16550 driver, 32 ports, IRQ sharing enabled
[    0.785559] 00:02: ttyS0 at I/O 0x3f8 (irq = 4, base_baud = 115200) is a 16550A
[    0.789704] Linux agpgart interface v0.103
[    0.792251] loop: module loaded
[    0.793776] scsi host0: ata_piix
[    0.794830] scsi host1: ata_piix
[    0.795559] ata1: PATA max UDMA/33 cmd 0x1f0 ctl 0x3f6 bmdma 0xd000 irq 14
[    0.796858] ata2: PATA max UDMA/33 cmd 0x170 ctl 0x376 bmdma 0xd008 irq 15
[    0.798753] libphy: Fixed MDIO Bus: probed
[    0.799750] tun: Universal TUN/TAP device driver, 1.6
[    0.800713] tun: (C) 1999-2004 Max Krasnyansky <maxk@qualcomm.com>
[    0.801931] PPP generic driver version 2.4.2
[    0.802944] ehci_hcd: USB 2.0 'Enhanced' Host Controller (EHCI) Driver
[    0.804208] ehci-pci: EHCI PCI platform driver
[    0.805115] ehci-platform: EHCI generic platform driver
[    0.806086] ohci_hcd: USB 1.1 'Open' Host Controller (OHCI) Driver
[    0.807192] ohci-pci: OHCI PCI platform driver
[    0.808040] ohci-platform: OHCI generic platform driver
[    0.809007] uhci_hcd: USB Universal Host Controller Interface driver
[    0.810224] i8042: PNP: PS/2 Controller [PNP0303:PS2K,PNP0f03:PS2M] at 0x60,0x64 irq 1,12
[    0.812153] serio: i8042 KBD port at 0x60,0x64 irq 1
[    0.813104] serio: i8042 AUX port at 0x60,0x64 irq 12
[    0.814195] mousedev: PS/2 mouse device common for all mice
[    0.815453] input: AT Translated Set 2 keyboard as /devices/platform/i8042/serio0/input/input2
[    0.817455] rtc_cmos rtc_cmos: rtc core: registered rtc_cmos as rtc0
[    0.818629] rtc_cmos rtc_cmos: alarms up to one day, 114 bytes nvram
[    0.819833] i2c /dev entries driver
[    0.820585] device-mapper: uevent: version 1.0.3
[    0.821566] device-mapper: ioctl: 4.34.0-ioctl (2015-10-28) initialised: dm-devel@redhat.com
[    0.823496] ledtrig-cpu: registered to indicate activity on CPUs
[    0.824879] NET: Registered protocol family 10
[    0.825923] NET: Registered protocol family 17
[    0.826854] Key type dns_resolver registered
[    0.828071] registered taskstats version 1
[    0.828875] Loading compiled-in X.509 certificates
[    0.830215] Loaded X.509 cert 'Build time autogenerated kernel key: b6ae09eed57f82583ccd3c65c463e852cdd7a0b5'
[    0.832033] zswap: loaded using pool lzo/zbud
[    0.834278] Key type trusted registered
[    0.837546] Key type encrypted registered
[    0.838332] AppArmor: AppArmor sha1 policy hashing enabled
[    0.839333] ima: No TPM chip found, activating TPM-bypass!
[    0.840337] ima: Allocated hash algorithm: sha1
[    0.841205] evm: HMAC attrs: 0x1
[    0.842280]   Magic number: 8:380:741
[    0.843119] workqueue writeback: hash matches
[    0.844169] rtc_cmos rtc_cmos: setting system clock to 2020-06-28 15:43:44 UTC (1593359024)
[    0.845923] BIOS EDD facility v0.16 2004-Jun-25, 0 devices found
[    0.847031] EDD information not available.
[    0.976440] Freeing unused kernel memory: 1492K
[    0.977897] Write protecting the kernel read-only data: 14336k
[    0.979452] Freeing unused kernel memory: 1596K
[    0.980473] Freeing unused kernel memory: 60K
Loading, please wait...
starting version 229
[    0.991942] random: systemd-udevd: uninitialized urandom read (16 bytes read, 3 bits of entropy available)
[    0.992380] random: udevadm: uninitialized urandom read (16 bytes read, 3 bits of entropy available)
[    0.992393] random: udevadm: uninitialized urandom read (16 bytes read, 3 bits of entropy available)
[    0.998485] random: systemd-udevd: uninitialized urandom read (16 bytes read, 3 bits of entropy available)
[    0.999430] random: udevadm: uninitialized urandom read (16 bytes read, 3 bits of entropy available)
[    0.999464] random: udevadm: uninitialized urandom read (16 bytes read, 3 bits of entropy available)
[    0.999566] random: udevadm: uninitialized urandom read (16 bytes read, 3 bits of entropy available)
[    0.999603] random: udevadm: uninitialized urandom read (16 bytes read, 3 bits of entropy available)
[    0.999641] random: udevadm: uninitialized urandom read (16 bytes read, 3 bits of entropy available)
[    0.999678] random: udevadm: uninitialized urandom read (16 bytes read, 3 bits of entropy available)
[    1.036411] e1000: Intel(R) PRO/1000 Network Driver - version 7.3.21-k8-NAPI
[    1.037740] e1000: Copyright (c) 1999-2006 Intel Corporation.
[    1.052712] Fusion MPT base driver 3.04.20
[    1.053940] Copyright (c) 1999-2008 LSI Corporation
[    1.058799] AVX2 version of gcm_enc/dec engaged.
[    1.060506] AES CTR mode by8 optimization enabled
[    1.067566] Fusion MPT SPI Host driver 3.04.20
[    1.247681] input: ImExPS/2 Generic Explorer Mouse as /devices/platform/i8042/serio1/input/input4
[    1.415144] e1000 0000:00:03.0 eth0: (PCI:33MHz:32-bit) 02:89:fa:04:16:8f
[    1.417191] e1000 0000:00:03.0 eth0: Intel(R) PRO/1000 Network Connection
[    2.063474] e1000 0000:00:08.0 eth1: (PCI:33MHz:32-bit) 08:00:27:91:15:00
[    2.065608] e1000 0000:00:08.0 eth1: Intel(R) PRO/1000 Network Connection
[    2.067792] mptbase: ioc0: Initiating bringup
[    2.067999] e1000 0000:00:03.0 enp0s3: renamed from eth0
[    2.077935] e1000 0000:00:08.0 enp0s8: renamed from eth1
[    2.141146] ioc0: LSI53C1030 A0: Capabilities={Initiator}
[    2.303804] scsi host2: ioc0: LSI53C1030 A0, FwRev=00000000h, Ports=1, MaxQ=256, IRQ=20
[    2.421731] scsi 2:0:0:0: Direct-Access     VBOX     HARDDISK         1.0  PQ: 0 ANSI: 5
[    2.424863] scsi target2:0:0: Beginning Domain Validation
[    2.427649] scsi target2:0:0: Domain Validation skipping write tests
[    2.429199] scsi target2:0:0: Ending Domain Validation
[    2.430604] scsi target2:0:0: asynchronous
[    2.432269] scsi 2:0:1:0: Direct-Access     VBOX     HARDDISK         1.0  PQ: 0 ANSI: 5
[    2.442702] scsi target2:0:1: Beginning Domain Validation
[    2.445744] scsi target2:0:1: Domain Validation skipping write tests
[    2.447075] scsi target2:0:1: Ending Domain Validation
[    2.448250] scsi target2:0:1: asynchronous
[    2.453907] sd 2:0:0:0: Attached scsi generic sg0 type 0
[    2.455221] sd 2:0:0:0: [sda] 20971520 512-byte logical blocks: (10.7 GB/10.0 GiB)
[    2.456946] sd 2:0:1:0: Attached scsi generic sg1 type 0
[    2.458162] sd 2:0:1:0: [sdb] 20480 512-byte logical blocks: (10.5 MB/10.0 MiB)
[    2.460014] sd 2:0:0:0: [sda] Write Protect is off
[    2.461078] sd 2:0:1:0: [sdb] Write Protect is off
[    2.462250] sd 2:0:0:0: [sda] Incomplete mode parameter data
[    2.463613] sd 2:0:0:0: [sda] Assuming drive cache: write through
[    2.464966] sd 2:0:1:0: [sdb] Incomplete mode parameter data
[    2.466176] sd 2:0:1:0: [sdb] Assuming drive cache: write through
[    2.468376]  sda: sda1
[    2.469502] sd 2:0:1:0: [sdb] Attached SCSI disk
[    2.470374] sd 2:0:0:0: [sda] Attached SCSI disk
Begin: Loading essential drivers ... [    3.707312] md: linear personality registered for level -1
[    3.710414] md: multipath personality registered for level -4
[    3.713761] md: raid0 personality registered for level 0
[    3.717421] md: raid1 personality registered for level 1
[    3.789172] raid6: sse2x1   gen() 13456 MB/s
[    3.857019] raid6: sse2x1   xor() 10007 MB/s
[    3.925163] raid6: sse2x2   gen() 16930 MB/s
[    3.993635] raid6: sse2x2   xor() 11457 MB/s
[    4.061154] raid6: sse2x4   gen() 19304 MB/s
[    4.129011] raid6: sse2x4   xor() 12066 MB/s
[    4.197505] raid6: avx2x1   gen() 23545 MB/s
[    4.265207] raid6: avx2x2   gen() 30765 MB/s
[    4.333026] raid6: avx2x4   gen() 30124 MB/s
[    4.334336] raid6: using algorithm avx2x2 gen() 30765 MB/s
[    4.335627] raid6: using avx2x2 recovery algorithm
[    4.338127] xor: automatically using best checksumming function:
[    4.377597]    avx       : 25902.000 MB/sec
[    4.380317] async_tx: api initialized (async)
[    4.395005] md: raid6 personality registered for level 6
[    4.396792] md: raid5 personality registered for level 5
[    4.398297] md: raid4 personality registered for level 4
[    4.407314] md: raid10 personality registered for level 10
done.
Begin: Running /scripts/init-premount ... done.
Begin: Mounting root file system ... Begin: Running /scripts/local-top ... done.
Begin: Running /scripts/local-premount ... [    4.446539] Btrfs loaded
Scanning for Btrfs filesystems
done.
Warning: fsck not present, so skipping root file system
[    4.480379] EXT4-fs (sda1): mounted filesystem with ordered data mode. Opts: (null)
done.
Begin: Running /scripts/local-bottom ... done.
Begin: Running /scripts/init-bottom ... done.
[    4.567168] systemd[1]: systemd 229 running in system mode. (+PAM +AUDIT +SELINUX +IMA +APPARMOR +SMACK +SYSVINIT +UTMP +LIBCRYPTSETUP +GCRYPT +GNUTLS +ACL +XZ -LZ4 +SECCOMP +BLKID +ELFUTILS +KMOD -IDN)
[    4.572151] systemd[1]: Detected virtualization oracle.
[    4.573826] systemd[1]: Detected architecture x86-64.

Welcome to [1mUbuntu 16.04.6 LTS[0m!

[    4.578006] systemd[1]: Set hostname to <ubuntu>.
[    4.580487] systemd[1]: Initializing machine ID from random generator.
[    4.582367] systemd[1]: Installed transient /etc/machine-id file.
[    4.720604] systemd[1]: Listening on LVM2 metadata daemon socket.
[[0;32m  OK  [0m] Listening on LVM2 metadata daemon socket.
[    4.724400] systemd[1]: Listening on udev Kernel Socket.
[[0;32m  OK  [0m] Listening on udev Kernel Socket.
[    4.727952] systemd[1]: Set up automount Arbitrary Executable File Formats File System Automount Point.
[[0;32m  OK  [0m] Set up automount Arbitrary Executab...ats File System Automount Point.
[    4.738151] systemd[1]: Created slice User and Session Slice.
[[0;32m  OK  [0m] Created slice User and Session Slice.
[    4.749571] systemd[1]: Started Trigger resolvconf update for networkd DNS.
[[0;32m  OK  [0m] Started Trigger resolvconf update for networkd DNS.
[    4.754621] systemd[1]: Listening on Journal Socket.
[[0;32m  OK  [0m] Listening on Journal Socket.
[    4.757763] systemd[1]: Listening on Syslog Socket.
[[0;32m  OK  [0m] Listening on Syslog Socket.
[    4.760878] systemd[1]: Listening on udev Control Socket.
[[0;32m  OK  [0m] Listening on udev Control Socket.
[    4.764445] systemd[1]: Created slice System Slice.
[[0;32m  OK  [0m] Created slice System Slice.
[    4.781667] systemd[1]: Mounting POSIX Message Queue File System...
         Mounting POSIX Message Queue File System...
[    4.794715] systemd[1]: Created slice system-serial\x2dgetty.slice.
[[0;32m  OK  [0m] Created slice system-serial\x2dgetty.slice.
[    4.799132] systemd[1]: Listening on Device-mapper event daemon FIFOs.
[[0;32m  OK  [0m] Listening on Device-mapper event daemon FIFOs.
[    4.803572] systemd[1]: Listening on /dev/initctl Compatibility Named Pipe.
[[0;32m  OK  [0m] Listening on /dev/initctl Compatibility Named Pipe.
[    4.808737] systemd[1]: Starting Remount Root and Kernel File Systems...
         Starting Remount Root and Kernel File Systems...
[    4.814819] systemd[1]: Mounting Debug File System...
         Mounting Debug File System...
[    4.820013] EXT4-fs (sda1): re-mounted. Opts: (null)
[    4.826790] systemd[1]: Starting Create list of required static device nodes for the current kernel...
         Starting Create list of required st... nodes for the current kernel...
[    4.838105] systemd[1]: Reached target System Time Synchronized.
[[0;32m  OK  [0m] Reached target System Time Synchronized.
[    4.842970] systemd[1]: Starting Nameserver information manager...
         Starting Nameserver information manager...
[    4.854081] systemd[1]: Reached target Slices.
[[0;32m  OK  [0m] Reached target Slices.
[    4.869703] systemd[1]: Starting Set console keymap...
         Starting Set console keymap...
[    4.874387] systemd[1]: Mounting Huge Pages File System...
         Mounting Huge Pages File System...
[    4.886954] systemd[1]: Listening on Journal Socket (/dev/log).
[[0;32m  OK  [0m] Listening on Journal Socket (/dev/log).
[    4.898585] systemd[1]: Starting Monitoring of LVM2 mirrors, snapshots etc. using dmeventd or progress polling...
         Starting Monitoring of LVM2 mirrors... dmeventd or progress polling...
[    4.906865] systemd[1]: Started Forward Password Requests to Wall Directory Watch.
[[0;32m  OK  [0m] Started Forward Password Requests to Wall Directory Watch.
[    4.917540] systemd[1]: Reached target Encrypted Volumes.
[[0;32m  OK  [0m] Reached target Encrypted Volumes.
[    4.926947] systemd[1]: Listening on LVM2 poll daemon socket.
[[0;32m  OK  [0m] Listening on LVM2 poll daemon socket.
[    4.937599] systemd[1]: Listening on Journal Audit Socket.
[[0;32m  OK  [0m] Listening on Journal Audit Socket.
[    4.961323] systemd[1]: Starting Journal Service...
         Starting Journal Service...
[    4.978211] systemd[1]: Starting Load Kernel Modules...
         Starting Load Kernel Modules...
[    4.988817] Loading iSCSI transport class v2.0-870.
[    4.990876] systemd[1]: Reached target User and Group Name Lookups.
[[0;32m  OK  [0m] Reached target User and Group Name Lookups.
[    4.997000] systemd[1]: Starting Uncomplicated firewall...
         Starting Uncomplicated firewall...
[    5.000484] systemd[1]: Reached target Swap.
[[0;32m  OK  [0m] Reached target Swap.
[    5.007715] systemd[1]: Mounted Huge Pages File System.
[[0;32m  OK  [0m] Mounted Huge Pages File System.
[    5.011603] systemd[1]: Mounted POSIX Message Queue File System.
[[0;32m  OK  [0m] Mounted POSIX Message Queue File System.
[    5.015707] systemd[1]: Mounted Debug File System.
[[0;32m  OK  [0m] Mounted Debug File System.
[    5.019714] systemd[1]: Started Journal Service.
[    5.019745] iscsi: registered transport (tcp)
[[0;32m  OK  [0m] Started Journal Service.
[[0;32m  OK  [0m] Started Remount Root and Kernel File Systems.
[[0;32m  OK  [0m] Started Create list of required sta...ce nodes for the current kernel.
[    5.053947] iscsi: registered transport (iser)
[[0;32m  OK  [0m] Started Set console keymap.
[[0;32m  OK  [0m] Started Load Kernel Modules.
[[0;32m  OK  [0m] Started Uncomplicated firewall.
[[0;32m  OK  [0m] Started Nameserver information manager.
[[0;32m  OK  [0m] Started LVM2 metadata daemon.
         Starting Apply Kernel Variables...
         Mounting FUSE Control File System...
         Starting Create Static Device Nodes in /dev...
         Starting Load/Save Random Seed...
         Starting udev Coldplug all Devices...
         Starting Flush Journal to Persistent Storage...
[[0;32m  OK  [0m] Mounted FUSE Control File System.
[[0;32m  OK  [0m] Started Apply Kernel Variables.
[[0;32m  OK  [0m] Started Create Static Device Nodes in /dev.
[[0;32m  OK  [0m] Started Load/Save Random Seed.
         Starting udev Kernel Device Manager...
[[0;32m  OK  [0m] Started Flush Journal to Persistent Storage.
[[0;32m  OK  [0m] Started udev Kernel Device Manager.
[[0;32m  OK  [0m] Started udev Coldplug all Devices.
[[0;32m  OK  [0m] Started Dispatch Password Requests to Console Directory Watch.
[[0;32m  OK  [0m] Found device /dev/ttyS0.
[[0;32m  OK  [0m] Listening on Load/Save RF Kill Switch Status /dev/rfkill Watch.
[[0;32m  OK  [0m] Started Monitoring of LVM2 mirrors,...ng dmeventd or progress polling.
[[0;32m  OK  [0m] Reached target Local File Systems (Pre).
[[0;32m  OK  [0m] Reached target Local File Systems.
         Starting Commit a transient machine-id on disk...
         Starting Initial cloud-init job (pre-networking)...
         Starting LSB: AppArmor initialization...
         Starting Create Volatile Files and Directories...
         Starting Set console font and keymap...
         Starting Tell Plymouth To Write Out Runtime Data...
[[0;32m  OK  [0m] Started Commit a transient machine-id on disk.
[[0;32m  OK  [0m] Started Create Volatile Files and Directories.
[[0;32m  OK  [0m] Started Tell Plymouth To Write Out Runtime Data.
         Starting Update UTMP about System Boot/Shutdown...
[[0;32m  OK  [0m] Started Update UTMP about System Boot/Shutdown.
[[0;32m  OK  [0m] Started Set console font and keymap.
[[0;32m  OK  [0m] Created slice system-getty.slice.
[    6.572706] cloud-init[620]: Cloud-init v. 19.4-33-gbb4131a2-0ubuntu1~16.04.1 running 'init-local' at Sun, 28 Jun 2020 15:43:50 +0000. Up 6.17 seconds.
[[0;32m  OK  [0m] Started LSB: AppArmor initialization.
[[0;32m  OK  [0m] Started Initial cloud-init job (pre-networking).
[[0;32m  OK  [0m] Reached target Network (Pre).
         Starting Raise network interfaces...
[[0;32m  OK  [0m] Started Raise network interfaces.
         Starting Initial cloud-init job (metadata service crawler)...
[[0;32m  OK  [0m] Reached target Network.
[    7.712383] cloud-init[963]: Cloud-init v. 19.4-33-gbb4131a2-0ubuntu1~16.04.1 running 'init' at Sun, 28 Jun 2020 15:43:51 +0000. Up 7.19 seconds.
[    7.714028] cloud-init[963]: ci-info: ++++++++++++++++++++++++++++++++++++++Net device info+++++++++++++++++++++++++++++++++++++++
[    7.724357] cloud-init[963]: ci-info: +--------+-------+----------------------------+---------------+--------+-------------------+
[    7.732522] cloud-init[963]: ci-info: | Device |   Up  |          Address           |      Mask     | Scope  |     Hw-Address    |
[    7.740782] cloud-init[963]: ci-info: +--------+-------+----------------------------+---------------+--------+-------------------+
[    7.743186] cloud-init[963]: ci-info: | enp0s3 |  True |         10.0.2.15          | 255.255.255.0 | global | 02:89:fa:04:16:8f |
[    7.745489] cloud-init[963]: ci-info: | enp0s3 |  True | fe80::89:faff:fe04:168f/64 |       .       |  link  | 02:89:fa:04:16:8f |
[    7.752385] cloud-init[963]: ci-info: | enp0s8 | False |             .              |       .       |   .    | 08:00:27:91:15:00 |
[    7.756874] cloud-init[963]: ci-info: |   lo   |  True |         127.0.0.1          |   255.0.0.0   |  host  |         .         |
[    7.760317] cloud-init[963]: ci-info: |   lo   |  True |          ::1/128           |       .       |  host  |         .         |
[[0;32m  OK  [0m] Started Initial cloud-init job (metadata service crawler).
[[0;32m  OK  [0m] Reached target Cloud-config availability.
[[0;32m  OK  [0m] Reached target System Initialization.
[    7.768791] cloud-init[963]: ci-info: +--------+-------+----------------------------+---------------+--------+-------------------+
[    7.801612] [cloud-init[0;32m  OK  [0m[963]: ] ci-info: +++++++++++++++++++++++++++Route IPv4 info++++++++++++++++++++++++++++Listening on D-Bus System Message Bus Socket.

[    7.809095] [cloud-init[0;32m  OK  [0m[963]: ] ci-info: +-------+-------------+----------+---------------+-----------+-------+Started ACPI Events Check.

[[0;32m  OK  [0m] Reached target Paths.
[    7.810898] [cloud-init[0;32m  OK  [0m[963]: ] ci-info: | Route | Destination | Gateway  |    Genmask    | Interface | Flags |Started Daily Cleanup of Temporary Directories.

[    7.814300]          Starting LXD - unix socket.
[[0;32m  OK  [0m] Listening on ACPID Listen Socket.
[[0;32m  OK  [0m] Listening on UUID daemon activation socket.
         Starting Socket activation for snappy daemon.
[[0;32m  OK  [0m] Started Message of the Day.
cloud-init[963]: ci-info: +-------+-------------+----------+---------------+-----------+-------+
[[0;32m  OK  [0m] Started Daily apt download activities.
[    7.821657] [cloud-init[0;32m  OK  [0m[963]: ] ci-info: |   0   |   0.0.0.0   | 10.0.2.2 |    0.0.0.0    |   enp0s3  |   UG  |Started Daily apt upgrade and clean activities.

[    7.825152] [[0;32m  OK  [0m] Reached target Timers.
[[0;32m  OK  [0m] Reached target Network is Online.
cloud-init[963]: ci-info: |   1   |   10.0.2.0  | 0.0.0.0  | 255.255.255.0 |   enp0s3  |   U   |
[    7.828725] cloud-init[963]: ci-info: +-------+-------------+----------+---------------+-----------+-------+
[    7.831125] cloud-init[963]: ci-info: +++++++++++++++++++Route IPv6 info+++++++++++++++++++         Starting iSCSI initiator daemon (iscsid)...
[[0;32m  OK  [0m] Listening on LXD - unix socket.
[[0;32m  OK  [0m] Listening on Socket activation for snappy daemon.
[[0;32m  OK  [0m] Reached target Sockets.
[[0;32m  OK  [0m] Reached target Basic System.

         Starting /etc/rc.local Compatibility...
         Starting Pollinate to seed the pseudo random number generator...
[[0;32m  OK  [0m] Started Regular background program processing daemon.
[    7.837899] cloud-init[963]: ci-info: +-------+-------------+---------+-----------+-------+
         Starting Login Service...
[    7.850111] [[0;32m  OK  [0m] Started D-Bus System Message Bus.
cloud-init[963]: ci-info: | Route | Destination | Gateway | Interface | Flags |
[    7.856520] cloud-init[963]: ci-info: +-------+-------------+---------+-----------+-------+
[    7.858714] cloud-init[963]: ci-info: |   0   |  fe80::/64  |    ::   |   enp0s3  |   U   |
[    7.860889] cloud-init[963]: ci-info: |   3   |   ff00::/8  |    ::   |   enp0s3  |   U   |
[    7.862768] cloud-init[963]: ci-info: +-------+-------------+---------+-----------+-------+
[    7.864812] cloud-init[963]: Generating public/private rsa key pair.
[    7.866202] cloud-init[963]: Your identification has been saved in /etc/ssh/ssh_host_rsa_key.
[    7.868103] cloud-init[963]: Your public key has been saved in /etc/ssh/ssh_host_rsa_key.pub.
[    7.870017] cloud-init[963]: The key fingerprint is:
[    7.871409] cloud-init[963]: SHA256:vI4ZXqwAv/Aqe1D5nBWdbzpN2Ez9BAFKtdHGwn++yC4 root@ubuntu-xenial
[    7.873220] cloud-init[963]: The key's randomart image is:
[    7.874501] cloud-init[963]: +---[RSA 2048]----+
[    7.875615] cloud-init[963]: |       ..++=oo   |
[    7.877195] cloud-init[963]: |      ..o.+o= .  |
[    7.877942] cloud-init[963]: |   .   ..*.+ o   |
[    7.879163] cloud-init[963]: |  o   ... * . o  |
[    7.880389] cloud-init[963]: | ..o o  S=   o   |
         Starting System Logging Service...
[    7.889882]          Starting Accounts Service...
         Starting LXD - container startup/shutdown...
         Starting Virtualbox guest utils...
[[0;32m  OK  [0m] Started Deferred execution scheduler.
         Starting LSB: Record successful boot for GRUB...
cloud-init[963]: |.  o+  .o..   .  |
[    7.894431] cloud-init[963]: | .. o . +. . . . |
[    7.895535] cloud-init[963]: |. .o + B  E o .  |
[    7.896768] cloud-init[963]:          Starting Snappy daemon...
|.+..o = .  o.    |
         Starting LSB: MD monitoring daemon...
[    7.899593] cloud-init[[0;32m  OK  [0m] Started ACPI event daemon.
[[0;32m  OK  [0m] Started FUSE filesystem for LXC.
[[0;32m  OK  [0m] Started System Logging Service.
[963]: +----[SHA256]-----+
[[0;32m  OK  [0m] Started /etc/rc.local Compatibility.
[[0;32m  OK  [0m] Started Login Service.
[[0;32m  OK  [0m] Started Unattended Upgrades Shutdown.
[[0;32m  OK  [0m] Started iSCSI initiator daemon (iscsid).
         Starting Login to default iSCSI targets...
[    7.934389] cloud-init[963]: Generating public/private dsa key pair.
[    7.935782] cloud-init[963]: Your identification has been saved in /etc/ssh/ssh_host_dsa_key.
[    7.940725] cloud-init[963]: Your public key has been saved in /etc/ssh/ssh_host_dsa_key.pub.
[    7.968156] cloud-init[963]: The key fingerprint is:
[[0;32m  OK  [0m] Started Login to default iSCSI targets.
[[0;32m  OK  [0m] Reached target Remote File Systems (Pre).
[[0;32m  OK  [0m] Reached target Remote File Systems.
[    7.978125] cloud-init[963]: SHA256:2X/Pp3JJmXoz6p1mGydlG3dVHUtQpIDTiU+J79MY4e8 root@ubuntu-xenial
[    7.985382] cloud-init[963]: The key's randomart image is:
[    7.987508] cloud-init[963]: +---[DSA 1024]----+
[    7.994061] cloud-init[963]: |          =.o.+=+|
         Starting LSB: daemon to balance interrupts for SMP systems...
         Starting LSB: automatic crash report generation...
         Starting Permit User Sessions...
[    7.995847] cloud-init[963]: |         = *. o +|
         Starting LSB: Set the CPU Frequency Scaling governor to "ondemand"...
[[0;32m  OK  [0m] Started LSB: MD monitoring daemon.
[[0;32m  OK  [0m] Started Permit User Sessions.
[    8.028669] cloud-init[963]: |          * .. ..|
[    8.031423] cloud-init[963]: |         o =    .|
[    8.036203] cloud-init[963]: |        S o =  +=|
[    8.046851]          Starting Hold until boot process finishes up...
         Starting Terminate Plymouth Boot Screen...
cloud-init[[0;32m  OK  [0m] Started Hold until boot process finishes up.
[[0;32m  OK  [0m] Started Terminate Plymouth Boot Screen.
[963]: |           = o+o=|
[    8.071227] cloud-init[963]: |            +o+o.|
[[0;32m  OK  [0m] Started Serial Getty on ttyS0.
[[0;32m  OK  [0m] Started Getty on tty1.
[[0;32m  OK  [0m] Reached target Login Prompts.
         Starting Set console scheme...
[[0;32m  OK  [0m] Started LSB: Record successful boot for GRUB.
[[0;32m  OK  [0m] Started LSB: daemon to balance interrupts for SMP systems.
[[0;32m  OK  [0m] Started Set console scheme.
[    8.076736] cloud-init[963]: |            oEOB.|
[    8.104889] cloud-init[963]: |           .oB==+|
[[0;32m  OK  [0m] Started LSB: Set the CPU Frequency Scaling governor to "ondemand".
[    8.119638] cloud-init[963]: +----[SHA256]-----+
[    8.124198] cloud-init[963]: Generating public/private ecdsa key pair.
[    8.125716] cloud-init[963]: Your identification has been saved in /etc/ssh/ssh_host_ecdsa_key.
[    8.131260] cloud-init[963]: Your public key has been saved in /etc/ssh/ssh_host_ecdsa_key.pub.
[[0;32m  OK  [0m] Started LSB: automatic crash report generation.
[    8.140385] cloud-init[963]: The key fingerprint is:
[    8.150533] cloud-init[963]: SHA256:hYCj2p1CLg7mer5gIRf++gEhDIspz7gFzdkHqioRCWU root@ubuntu-xenial
[[0;32m  OK  [0m] Started Virtualbox guest utils.
[    8.157057] cloud-init[963]: The key's randomart image is:
[    8.159529] cloud-init[963]: +---[ECDSA 256]---+
[    8.161662] cloud-init[963]: |o.E ...          |
[    8.163021] cloud-init[963]: |=B +o. . .       |
[    8.164682] cloud-init[963]: |X.B.... . .      |
[    8.167782] cloud-init[963]: |.Xoo .   .       |
[    8.169537] cloud-init[963]: |=*B. .  S        |
[[0;32m  OK  [0m] Started LXD - container startup/shutdown.
[    8.177685] cloud-init[963]: |**=oo            |
[    8.180137] cloud-init[963]: |Xo .o            |
[    8.181155] cloud-init[963]: |o+.. .           |
[    8.182249] cloud-init[963]: |oo+o.            |
         Starting Authenticate and Authorize Users to Run Privileged Tasks...
[    8.204177] cloud-init[963]: +----[SHA256]-----+
[    8.208353] cloud-init[963]: Generating public/private ed25519 key pair.
[    8.212543] cloud-init[963]: Your identification has been saved in /etc/ssh/ssh_host_ed25519_key.
[    8.214722] cloud-init[963]: Your public key has been saved in /etc/ssh/ssh_host_ed25519_key.pub.
[    8.217274] cloud-init[963]: The key fingerprint is:
[[0;32m  OK  [0m] Started Authenticate and Authorize Users to Run Privileged Tasks.
[[0;32m  OK  [0m] Started Accounts Service.
[    8.231076] cloud-init[963]: SHA256:LtOl8NFqxj7taM14UZaQgL5ra4BIHEQNm5InJ/pKqDw root@ubuntu-xenial
[    8.241393] cloud-init[963]: The key's randomart image is:
[    8.248658] cloud-init[963]: +--[ED25519 256]--+
[    8.249876] cloud-init[963]: |o+o    ... .     |
[    8.251022] cloud-init[963]: | oo.  .   o      |
[    8.256198] cloud-init[963]: |*o+  .     . .   |
[    8.257477] cloud-init[963]: |oB    .  .  +    |
[    8.258879] cloud-init[963]: |o. .  ..S oo     |
[    8.260317] cloud-init[963]: |o.. . .* =.      |
[    8.268726] cloud-init[963]: |...  .o.X= .     |
[    8.270013] cloud-init[963]: |+E    +*+.=      |
[    8.280684] cloud-init[963]: |o..  o.oo+.      |
[    8.288601] cloud-init[963]: +----[SHA256]-----+
[[0;32m  OK  [0m] Started Snappy daemon.
         Starting Wait until snapd is fully seeded...
[[0;32m  OK  [0m] Started Pollinate to seed the pseudo random number generator.
         Starting OpenBSD Secure Shell server...
[[0;32m  OK  [0m] Started OpenBSD Secure Shell server.
[[0;32m  OK  [0m] Started Wait until snapd is fully seeded.
[[0;32m  OK  [0m] Reached target Multi-User System.
[[0;32m  OK  [0m] Reached target Graphical Interface.
         Starting Update UTMP about System Runlevel Changes...
         Starting Apply the settings specified in cloud-config...
[[0;32m  OK  [0m] Started Update UTMP about System Runlevel Changes.
[   11.866786] cloud-init[1326]: Generating locales (this might take a while)...
[[0;32m  OK  [0m] Created slice User Slice of vagrant.
         Starting User Manager for UID 1000...
[[0;32m  OK  [0m] Started Session 1 of user vagrant.
[[0;32m  OK  [0m] Started User Manager for UID 1000.
[   12.687062] cloud-init[1326]:   en_US.UTF-8... done
[   12.688020] cloud-init[1326]: Generation complete.
[   12.918994] cloud-init[1326]: Cloud-init v. 19.4-33-gbb4131a2-0ubuntu1~16.04.1 running 'modules:config' at Sun, 28 Jun 2020 15:43:55 +0000. Up 11.77 seconds.
[[0;32m  OK  [0m] Started Apply the settings specified in cloud-config.
         Starting Execute cloud user/final scripts...
ci-info: no authorized SSH keys fingerprints found for user ubuntu.
<14>Jun 28 15:43:57 ec2: 
<14>Jun 28 15:43:57 ec2: #############################################################
<14>Jun 28 15:43:57 ec2: -----BEGIN SSH HOST KEY FINGERPRINTS-----
<14>Jun 28 15:43:57 ec2: 1024 SHA256:2X/Pp3JJmXoz6p1mGydlG3dVHUtQpIDTiU+J79MY4e8 root@ubuntu-xenial (DSA)
<14>Jun 28 15:43:57 ec2: 256 SHA256:hYCj2p1CLg7mer5gIRf++gEhDIspz7gFzdkHqioRCWU root@ubuntu-xenial (ECDSA)
<14>Jun 28 15:43:57 ec2: 256 SHA256:LtOl8NFqxj7taM14UZaQgL5ra4BIHEQNm5InJ/pKqDw root@ubuntu-xenial (ED25519)
<14>Jun 28 15:43:57 ec2: 2048 SHA256:vI4ZXqwAv/Aqe1D5nBWdbzpN2Ez9BAFKtdHGwn++yC4 root@ubuntu-xenial (RSA)
<14>Jun 28 15:43:57 ec2: -----END SSH HOST KEY FINGERPRINTS-----
<14>Jun 28 15:43:57 ec2: #############################################################
-----BEGIN SSH HOST KEY KEYS-----
ecdsa-sha2-nistp256 AAAAE2VjZHNhLXNoYTItbmlzdHAyNTYAAAAIbmlzdHAyNTYAAABBBEnTxdUQvP1+5nib3LjtEaZdnekfpFrGGUL3ItiAZ2Pzk3rNzJURrW8U+slxDQgbOTjmrvTkHrC5k0ks2cxfmEM= root@ubuntu-xenial
ssh-ed25519 AAAAC3NzaC1lZDI1NTE5AAAAIH5NhQ8imD15sfcajFtZEUmW0wwIC1VW+XmNZqFBt1wR root@ubuntu-xenial
ssh-rsa AAAAB3NzaC1yc2EAAAADAQABAAABAQDhd42h1B+v8St60Z0wExHZUJUvL/d/4t8pDuBHrzOh+Xv5hinppoWFIxnexjiqT2IMBY9pe8CTP7RvgYJsshyub1OGc3rst71BxqNpDQOoor8ffQqST70H9fZww15BLnJXl9PZiw7YxwZaSlN4NnSuTL1YHR9FFdvydK4Iuk233syTW74LFOm01fOt49GfTKXKNG51xrhaLoClYGqoyhg5hK8TvKESKDZyKukg8DiFDuD7/vU+vaY/6dvy+Bi89K1LD7ZlghPCwr60RGlEtedNw7LQJMzG0XjMHS3y7/xUFFZZ0Emkv4YRG2v9RjEG4nkZ//s6t0JVfOoXx8BmoAxZ root@ubuntu-xenial
-----END SSH HOST KEY KEYS-----
[   13.277930] cloud-init[1467]: Cloud-init v. 19.4-33-gbb4131a2-0ubuntu1~16.04.1 running 'modules:final' at Sun, 28 Jun 2020 15:43:56 +0000. Up 13.15 seconds.
[   13.278105] cloud-init[1467]: ci-info: no authorized SSH keys fingerprints found for user ubuntu.
[   13.278223] cloud-init[1467]: Cloud-init v. 19.4-33-gbb4131a2-0ubuntu1~16.04.1 finished at Sun, 28 Jun 2020 15:43:57 +0000. Datasource DataSourceNoCloud [seed=/dev/sdb][dsmode=net].  Up 13.26 seconds

Ubuntu 16.04.6 LTS ubuntu-xenial ttyS0

ubuntu-xenial login: 